<?xml version="1.0" encoding="UTF-8"?>
<!-- Generated by org.testng.reporters.JUnitXMLReporter -->
<testsuite ignored="0" hostname="Essel" failures="0" tests="4" name="Test" time="7.53" errors="0" timestamp="2025-06-25T20:45:02 IST">
  <testcase classname="APIChaining.CreateUser" name="createUser" time="4.751"/>
  <testcase classname="APIChaining.GetUser" name="getUser" time="0.863"/>
  <testcase classname="APIChaining.UpdateUser" name="updateUser" time="0.908"/>
  <testcase classname="APIChaining.DeleteUser" name="deleteUser" time="0.908"/>
</testsuite> <!-- Test -->
